[INFO] 2015-08-15 11:53:19 <Root WebApplicationContext: initialization started> [ContextLoader.java285]
 [INFO] 2015-08-15 11:53:19 <Refreshing Root WebApplicationContext: startup date [Sat Aug 15 11:53:19 CST 2015]; root of context hierarchy> [AbstractApplicationContext.java510]
 [INFO] 2015-08-15 11:53:19 <Loading XML bean definitions from class path resource [spring.xml]> [XmlBeanDefinitionReader.java317]
 [INFO] 2015-08-15 11:53:20 <Loading XML bean definitions from class path resource [spring-hibernate.xml]> [XmlBeanDefinitionReader.java317]
 [INFO] 2015-08-15 11:53:20 <Loading properties file from class path resource [config.properties]> [PropertiesLoaderSupport.java172]
 [INFO] 2015-08-15 11:53:20 <JSR-330 'javax.inject.Inject' annotation found and supported for autowiring> [AutowiredAnnotationBeanPostProcessor.java153]
 [INFO] 2015-08-15 11:53:21 <Loaded JDBC driver: com.mysql.jdbc.Driver> [DriverManagerDataSource.java133]
 [INFO] 2015-08-15 11:53:21 <HCANN000001: Hibernate Commons Annotations {4.0.5.Final}> [JavaReflectionManager.java66]
 [INFO] 2015-08-15 11:53:21 <HHH000412: Hibernate Core {4.3.9.Final}> [Version.java54]
 [INFO] 2015-08-15 11:53:21 <HHH000206: hibernate.properties not found> [Environment.java239]
 [INFO] 2015-08-15 11:53:21 <HHH000021: Bytecode provider name : javassist> [Environment.java346]
 [INFO] 2015-08-15 11:53:23 <HHH000400: Using dialect: org.hibernate.dialect.MySQLDialect> [Dialect.java145]
 [INFO] 2015-08-15 11:53:23 <HHH000399: Using default transaction strategy (direct JDBC transactions)> [TransactionFactoryInitiator.java62]
 [INFO] 2015-08-15 11:53:23 <HHH000397: Using ASTQueryTranslatorFactory> [ASTQueryTranslatorFactory.java47]
 [INFO] 2015-08-15 11:53:24 <HHH000228: Running hbm2ddl schema update> [SchemaUpdate.java207]
 [INFO] 2015-08-15 11:53:24 <HHH000102: Fetching database metadata> [SchemaUpdate.java218]
 [INFO] 2015-08-15 11:53:24 <HHH000396: Updating schema> [SchemaUpdate.java230]
 [INFO] 2015-08-15 11:53:24 <HHH000261: Table found: core.t_user> [TableMetadata.java66]
 [INFO] 2015-08-15 11:53:24 <HHH000037: Columns: [id, username, registertime, password]> [TableMetadata.java67]
 [INFO] 2015-08-15 11:53:24 <HHH000108: Foreign keys: []> [TableMetadata.java69]
 [INFO] 2015-08-15 11:53:24 <HHH000126: Indexes: [primary]> [TableMetadata.java70]
 [INFO] 2015-08-15 11:53:24 <HHH000232: Schema update complete> [SchemaUpdate.java267]
 [INFO] 2015-08-15 11:53:24 <Using DataSource [org.springframework.jdbc.datasource.DriverManagerDataSource@138615e] of Hibernate SessionFactory for HibernateTransactionManager> [HibernateTransactionManager.java360]
 [INFO] 2015-08-15 11:53:24 <Root WebApplicationContext: initialization completed in 5832 ms> [ContextLoader.java325]
 [INFO] 2015-08-15 11:53:25 <FrameworkServlet 'spring': initialization started> [FrameworkServlet.java484]
 [INFO] 2015-08-15 11:53:25 <Refreshing WebApplicationContext for namespace 'spring-servlet': startup date [Sat Aug 15 11:53:25 CST 2015]; parent: Root WebApplicationContext> [AbstractApplicationContext.java510]
 [INFO] 2015-08-15 11:53:25 <Loading XML bean definitions from class path resource [spring-mvc.xml]> [XmlBeanDefinitionReader.java317]
 [INFO] 2015-08-15 11:53:25 <JSR-330 'javax.inject.Inject' annotation found and supported for autowiring> [AutowiredAnnotationBeanPostProcessor.java153]
 [INFO] 2015-08-15 11:53:25 <Mapped "{[/login],methods=[POST],params=[],headers=[],consumes=[],produces=[],custom=[]}" onto public java.lang.String com.htrj.core.controller.Application.login(com.htrj.core.model.User,javax.servlet.http.HttpServletRequest)> [AbstractHandlerMethodMapping.java220]
 [INFO] 2015-08-15 11:53:25 <Mapped "{[/user/save],methods=[POST],params=[],headers=[],consumes=[],produces=[],custom=[]}" onto public void com.htrj.core.controller.Users.save(com.htrj.core.model.User,javax.servlet.http.HttpServletRequest,javax.servlet.http.HttpServletResponse)> [AbstractHandlerMethodMapping.java220]
 [INFO] 2015-08-15 11:53:25 <Mapped "{[/user/delete],methods=[POST],params=[],headers=[],consumes=[],produces=[],custom=[]}" onto public void com.htrj.core.controller.Users.delete(com.htrj.core.model.User)> [AbstractHandlerMethodMapping.java220]
 [INFO] 2015-08-15 11:53:25 <Mapped "{[/user/search],methods=[GET],params=[],headers=[],consumes=[],produces=[],custom=[]}" onto public void com.htrj.core.controller.Users.search() throws java.io.IOException> [AbstractHandlerMethodMapping.java220]
 [INFO] 2015-08-15 11:53:25 <Mapped "{[/user/index],methods=[POST],params=[],headers=[],consumes=[],produces=[],custom=[]}" onto public void com.htrj.core.controller.Users.index()> [AbstractHandlerMethodMapping.java220]
 [INFO] 2015-08-15 11:53:25 <Mapped "{[/user/show],methods=[POST],params=[],headers=[],consumes=[],produces=[],custom=[]}" onto public void com.htrj.core.controller.Users.show(java.lang.Long)> [AbstractHandlerMethodMapping.java220]
 [INFO] 2015-08-15 11:53:25 <Mapped "{[/user/update],methods=[POST],params=[],headers=[],consumes=[],produces=[],custom=[]}" onto public void com.htrj.core.controller.Users.update(com.htrj.core.model.User)> [AbstractHandlerMethodMapping.java220]
 [INFO] 2015-08-15 11:53:25 <Mapped "{[/user/success],methods=[POST],params=[],headers=[],consumes=[],produces=[],custom=[]}" onto public java.lang.String com.htrj.core.controller.Users.success()> [AbstractHandlerMethodMapping.java220]
 [INFO] 2015-08-15 11:53:25 <Mapped "{[/user/userList],methods=[GET],params=[],headers=[],consumes=[],produces=[],custom=[]}" onto public java.util.List<com.htrj.core.model.User> com.htrj.core.controller.Users.userList()> [AbstractHandlerMethodMapping.java220]
 [INFO] 2015-08-15 11:53:27 <Looking for @ControllerAdvice: WebApplicationContext for namespace 'spring-servlet': startup date [Sat Aug 15 11:53:25 CST 2015]; parent: Root WebApplicationContext> [RequestMappingHandlerAdapter.java518]
 [INFO] 2015-08-15 11:53:27 <Looking for @ControllerAdvice: WebApplicationContext for namespace 'spring-servlet': startup date [Sat Aug 15 11:53:25 CST 2015]; parent: Root WebApplicationContext> [RequestMappingHandlerAdapter.java518]
 [INFO] 2015-08-15 11:53:27 <Mapped URL path [/js/**] onto handler 'org.springframework.web.servlet.resource.ResourceHttpRequestHandler#0'> [AbstractUrlHandlerMapping.java314]
 [INFO] 2015-08-15 11:53:27 <FrameworkServlet 'spring': initialization completed in 2214 ms> [FrameworkServlet.java503]
 [WARN] 2015-08-15 11:56:23 <No mapping found for HTTP request with URI [/core/] in DispatcherServlet with name 'spring'> [DispatcherServlet.java1120]
 [WARN] 2015-08-15 11:56:58 <No mapping found for HTTP request with URI [/core/] in DispatcherServlet with name 'spring'> [DispatcherServlet.java1120]
 [INFO] 2015-08-15 11:58:46 <Closing WebApplicationContext for namespace 'spring-servlet': startup date [Sat Aug 15 11:53:25 CST 2015]; parent: Root WebApplicationContext> [AbstractApplicationContext.java862]
 [INFO] 2015-08-15 11:58:46 <Closing Root WebApplicationContext: startup date [Sat Aug 15 11:53:19 CST 2015]; root of context hierarchy> [AbstractApplicationContext.java862]
 [INFO] 2015-08-15 11:59:29 <Root WebApplicationContext: initialization started> [ContextLoader.java285]
 [INFO] 2015-08-15 11:59:29 <Refreshing Root WebApplicationContext: startup date [Sat Aug 15 11:59:29 CST 2015]; root of context hierarchy> [AbstractApplicationContext.java510]
 [INFO] 2015-08-15 11:59:29 <Loading XML bean definitions from class path resource [spring.xml]> [XmlBeanDefinitionReader.java317]
 [INFO] 2015-08-15 11:59:29 <Loading XML bean definitions from class path resource [spring-hibernate.xml]> [XmlBeanDefinitionReader.java317]
 [INFO] 2015-08-15 11:59:29 <Loading properties file from class path resource [config.properties]> [PropertiesLoaderSupport.java172]
 [INFO] 2015-08-15 11:59:29 <JSR-330 'javax.inject.Inject' annotation found and supported for autowiring> [AutowiredAnnotationBeanPostProcessor.java153]
 [INFO] 2015-08-15 11:59:29 <Loaded JDBC driver: com.mysql.jdbc.Driver> [DriverManagerDataSource.java133]
 [INFO] 2015-08-15 11:59:29 <HCANN000001: Hibernate Commons Annotations {4.0.5.Final}> [JavaReflectionManager.java66]
 [INFO] 2015-08-15 11:59:29 <HHH000412: Hibernate Core {4.3.9.Final}> [Version.java54]
 [INFO] 2015-08-15 11:59:29 <HHH000206: hibernate.properties not found> [Environment.java239]
 [INFO] 2015-08-15 11:59:29 <HHH000021: Bytecode provider name : javassist> [Environment.java346]
 [INFO] 2015-08-15 11:59:30 <HHH000400: Using dialect: org.hibernate.dialect.MySQLDialect> [Dialect.java145]
 [INFO] 2015-08-15 11:59:30 <HHH000399: Using default transaction strategy (direct JDBC transactions)> [TransactionFactoryInitiator.java62]
 [INFO] 2015-08-15 11:59:30 <HHH000397: Using ASTQueryTranslatorFactory> [ASTQueryTranslatorFactory.java47]
 [INFO] 2015-08-15 11:59:30 <HHH000228: Running hbm2ddl schema update> [SchemaUpdate.java207]
 [INFO] 2015-08-15 11:59:30 <HHH000102: Fetching database metadata> [SchemaUpdate.java218]
 [INFO] 2015-08-15 11:59:30 <HHH000396: Updating schema> [SchemaUpdate.java230]
 [INFO] 2015-08-15 11:59:30 <HHH000261: Table found: core.t_user> [TableMetadata.java66]
 [INFO] 2015-08-15 11:59:30 <HHH000037: Columns: [id, username, registertime, password]> [TableMetadata.java67]
 [INFO] 2015-08-15 11:59:30 <HHH000108: Foreign keys: []> [TableMetadata.java69]
 [INFO] 2015-08-15 11:59:30 <HHH000126: Indexes: [primary]> [TableMetadata.java70]
 [INFO] 2015-08-15 11:59:30 <HHH000232: Schema update complete> [SchemaUpdate.java267]
 [INFO] 2015-08-15 11:59:30 <Using DataSource [org.springframework.jdbc.datasource.DriverManagerDataSource@16b7f83] of Hibernate SessionFactory for HibernateTransactionManager> [HibernateTransactionManager.java360]
 [INFO] 2015-08-15 11:59:30 <Root WebApplicationContext: initialization completed in 1683 ms> [ContextLoader.java325]
 [INFO] 2015-08-15 11:59:30 <FrameworkServlet 'spring': initialization started> [FrameworkServlet.java484]
 [INFO] 2015-08-15 11:59:30 <Refreshing WebApplicationContext for namespace 'spring-servlet': startup date [Sat Aug 15 11:59:30 CST 2015]; parent: Root WebApplicationContext> [AbstractApplicationContext.java510]
 [INFO] 2015-08-15 11:59:30 <Loading XML bean definitions from class path resource [spring-mvc.xml]> [XmlBeanDefinitionReader.java317]
 [INFO] 2015-08-15 11:59:30 <JSR-330 'javax.inject.Inject' annotation found and supported for autowiring> [AutowiredAnnotationBeanPostProcessor.java153]
 [INFO] 2015-08-15 11:59:31 <Mapped "{[/login],methods=[POST],params=[],headers=[],consumes=[],produces=[],custom=[]}" onto public java.lang.String com.htrj.core.controller.Application.login(com.htrj.core.model.User,javax.servlet.http.HttpServletRequest)> [AbstractHandlerMethodMapping.java220]
 [INFO] 2015-08-15 11:59:31 <Mapped "{[/user/save],methods=[POST],params=[],headers=[],consumes=[],produces=[],custom=[]}" onto public void com.htrj.core.controller.Users.save(com.htrj.core.model.User,javax.servlet.http.HttpServletRequest,javax.servlet.http.HttpServletResponse)> [AbstractHandlerMethodMapping.java220]
 [INFO] 2015-08-15 11:59:31 <Mapped "{[/user/delete],methods=[POST],params=[],headers=[],consumes=[],produces=[],custom=[]}" onto public void com.htrj.core.controller.Users.delete(com.htrj.core.model.User)> [AbstractHandlerMethodMapping.java220]
 [INFO] 2015-08-15 11:59:31 <Mapped "{[/user/search],methods=[GET],params=[],headers=[],consumes=[],produces=[],custom=[]}" onto public void com.htrj.core.controller.Users.search() throws java.io.IOException> [AbstractHandlerMethodMapping.java220]
 [INFO] 2015-08-15 11:59:31 <Mapped "{[/user/index],methods=[POST],params=[],headers=[],consumes=[],produces=[],custom=[]}" onto public void com.htrj.core.controller.Users.index()> [AbstractHandlerMethodMapping.java220]
 [INFO] 2015-08-15 11:59:31 <Mapped "{[/user/show],methods=[POST],params=[],headers=[],consumes=[],produces=[],custom=[]}" onto public void com.htrj.core.controller.Users.show(java.lang.Long)> [AbstractHandlerMethodMapping.java220]
 [INFO] 2015-08-15 11:59:31 <Mapped "{[/user/update],methods=[POST],params=[],headers=[],consumes=[],produces=[],custom=[]}" onto public void com.htrj.core.controller.Users.update(com.htrj.core.model.User)> [AbstractHandlerMethodMapping.java220]
 [INFO] 2015-08-15 11:59:31 <Mapped "{[/user/success],methods=[POST],params=[],headers=[],consumes=[],produces=[],custom=[]}" onto public java.lang.String com.htrj.core.controller.Users.success()> [AbstractHandlerMethodMapping.java220]
 [INFO] 2015-08-15 11:59:31 <Mapped "{[/user/userList],methods=[GET],params=[],headers=[],consumes=[],produces=[],custom=[]}" onto public java.util.List<com.htrj.core.model.User> com.htrj.core.controller.Users.userList()> [AbstractHandlerMethodMapping.java220]
 [INFO] 2015-08-15 11:59:31 <Looking for @ControllerAdvice: WebApplicationContext for namespace 'spring-servlet': startup date [Sat Aug 15 11:59:30 CST 2015]; parent: Root WebApplicationContext> [RequestMappingHandlerAdapter.java518]
 [INFO] 2015-08-15 11:59:31 <Looking for @ControllerAdvice: WebApplicationContext for namespace 'spring-servlet': startup date [Sat Aug 15 11:59:30 CST 2015]; parent: Root WebApplicationContext> [RequestMappingHandlerAdapter.java518]
 [INFO] 2015-08-15 11:59:31 <Mapped URL path [/js/**] onto handler 'org.springframework.web.servlet.resource.ResourceHttpRequestHandler#0'> [AbstractUrlHandlerMapping.java314]
 [INFO] 2015-08-15 11:59:31 <FrameworkServlet 'spring': initialization completed in 671 ms> [FrameworkServlet.java503]
 [INFO] 2015-08-15 12:02:52 <Closing WebApplicationContext for namespace 'spring-servlet': startup date [Sat Aug 15 11:59:30 CST 2015]; parent: Root WebApplicationContext> [AbstractApplicationContext.java862]
 [INFO] 2015-08-15 12:02:52 <Closing Root WebApplicationContext: startup date [Sat Aug 15 11:59:29 CST 2015]; root of context hierarchy> [AbstractApplicationContext.java862]
 [INFO] 2015-08-15 12:02:52 <Root WebApplicationContext: initialization started> [ContextLoader.java285]
 [INFO] 2015-08-15 12:02:52 <Refreshing Root WebApplicationContext: startup date [Sat Aug 15 12:02:52 CST 2015]; root of context hierarchy> [AbstractApplicationContext.java510]
 [INFO] 2015-08-15 12:02:52 <Loading XML bean definitions from class path resource [spring.xml]> [XmlBeanDefinitionReader.java317]
 [INFO] 2015-08-15 12:02:52 <Loading XML bean definitions from class path resource [spring-hibernate.xml]> [XmlBeanDefinitionReader.java317]
 [INFO] 2015-08-15 12:02:52 <Loading properties file from class path resource [config.properties]> [PropertiesLoaderSupport.java172]
 [INFO] 2015-08-15 12:02:52 <JSR-330 'javax.inject.Inject' annotation found and supported for autowiring> [AutowiredAnnotationBeanPostProcessor.java153]
 [INFO] 2015-08-15 12:02:52 <Loaded JDBC driver: com.mysql.jdbc.Driver> [DriverManagerDataSource.java133]
 [INFO] 2015-08-15 12:02:53 <HCANN000001: Hibernate Commons Annotations {4.0.5.Final}> [JavaReflectionManager.java66]
 [INFO] 2015-08-15 12:02:53 <HHH000412: Hibernate Core {4.3.9.Final}> [Version.java54]
 [INFO] 2015-08-15 12:02:53 <HHH000206: hibernate.properties not found> [Environment.java239]
 [INFO] 2015-08-15 12:02:53 <HHH000021: Bytecode provider name : javassist> [Environment.java346]
 [INFO] 2015-08-15 12:02:53 <HHH000400: Using dialect: org.hibernate.dialect.MySQLDialect> [Dialect.java145]
 [INFO] 2015-08-15 12:02:53 <HHH000399: Using default transaction strategy (direct JDBC transactions)> [TransactionFactoryInitiator.java62]
 [INFO] 2015-08-15 12:02:53 <HHH000397: Using ASTQueryTranslatorFactory> [ASTQueryTranslatorFactory.java47]
 [INFO] 2015-08-15 12:02:53 <HHH000228: Running hbm2ddl schema update> [SchemaUpdate.java207]
 [INFO] 2015-08-15 12:02:53 <HHH000102: Fetching database metadata> [SchemaUpdate.java218]
 [INFO] 2015-08-15 12:02:53 <HHH000396: Updating schema> [SchemaUpdate.java230]
 [INFO] 2015-08-15 12:02:53 <HHH000261: Table found: core.t_user> [TableMetadata.java66]
 [INFO] 2015-08-15 12:02:53 <HHH000037: Columns: [id, username, registertime, password]> [TableMetadata.java67]
 [INFO] 2015-08-15 12:02:53 <HHH000108: Foreign keys: []> [TableMetadata.java69]
 [INFO] 2015-08-15 12:02:53 <HHH000126: Indexes: [primary]> [TableMetadata.java70]
 [INFO] 2015-08-15 12:02:53 <HHH000232: Schema update complete> [SchemaUpdate.java267]
 [INFO] 2015-08-15 12:02:54 <Using DataSource [org.springframework.jdbc.datasource.DriverManagerDataSource@1145cc] of Hibernate SessionFactory for HibernateTransactionManager> [HibernateTransactionManager.java360]
 [INFO] 2015-08-15 12:02:54 <Root WebApplicationContext: initialization completed in 1709 ms> [ContextLoader.java325]
 [INFO] 2015-08-15 12:02:54 <FrameworkServlet 'spring': initialization started> [FrameworkServlet.java484]
 [INFO] 2015-08-15 12:02:54 <Refreshing WebApplicationContext for namespace 'spring-servlet': startup date [Sat Aug 15 12:02:54 CST 2015]; parent: Root WebApplicationContext> [AbstractApplicationContext.java510]
 [INFO] 2015-08-15 12:02:54 <Loading XML bean definitions from class path resource [spring-mvc.xml]> [XmlBeanDefinitionReader.java317]
 [INFO] 2015-08-15 12:02:54 <JSR-330 'javax.inject.Inject' annotation found and supported for autowiring> [AutowiredAnnotationBeanPostProcessor.java153]
 [INFO] 2015-08-15 12:02:54 <Mapped "{[/login],methods=[POST],params=[],headers=[],consumes=[],produces=[],custom=[]}" onto public java.lang.String com.htrj.core.controller.Application.login(com.htrj.core.model.User,javax.servlet.http.HttpServletRequest)> [AbstractHandlerMethodMapping.java220]
 [INFO] 2015-08-15 12:02:54 <Mapped "{[/user/save],methods=[POST],params=[],headers=[],consumes=[],produces=[],custom=[]}" onto public void com.htrj.core.controller.Users.save(com.htrj.core.model.User,javax.servlet.http.HttpServletRequest,javax.servlet.http.HttpServletResponse)> [AbstractHandlerMethodMapping.java220]
 [INFO] 2015-08-15 12:02:54 <Mapped "{[/user/delete],methods=[POST],params=[],headers=[],consumes=[],produces=[],custom=[]}" onto public void com.htrj.core.controller.Users.delete(com.htrj.core.model.User)> [AbstractHandlerMethodMapping.java220]
 [INFO] 2015-08-15 12:02:54 <Mapped "{[/user/search],methods=[GET],params=[],headers=[],consumes=[],produces=[],custom=[]}" onto public void com.htrj.core.controller.Users.search() throws java.io.IOException> [AbstractHandlerMethodMapping.java220]
 [INFO] 2015-08-15 12:02:54 <Mapped "{[/user/index],methods=[POST],params=[],headers=[],consumes=[],produces=[],custom=[]}" onto public void com.htrj.core.controller.Users.index()> [AbstractHandlerMethodMapping.java220]
 [INFO] 2015-08-15 12:02:54 <Mapped "{[/user/show],methods=[POST],params=[],headers=[],consumes=[],produces=[],custom=[]}" onto public void com.htrj.core.controller.Users.show(java.lang.Long)> [AbstractHandlerMethodMapping.java220]
 [INFO] 2015-08-15 12:02:54 <Mapped "{[/user/update],methods=[POST],params=[],headers=[],consumes=[],produces=[],custom=[]}" onto public void com.htrj.core.controller.Users.update(com.htrj.core.model.User)> [AbstractHandlerMethodMapping.java220]
 [INFO] 2015-08-15 12:02:54 <Mapped "{[/user/success],methods=[POST],params=[],headers=[],consumes=[],produces=[],custom=[]}" onto public java.lang.String com.htrj.core.controller.Users.success()> [AbstractHandlerMethodMapping.java220]
 [INFO] 2015-08-15 12:02:54 <Mapped "{[/user/userList],methods=[GET],params=[],headers=[],consumes=[],produces=[],custom=[]}" onto public java.util.List<com.htrj.core.model.User> com.htrj.core.controller.Users.userList()> [AbstractHandlerMethodMapping.java220]
 [INFO] 2015-08-15 12:02:54 <Looking for @ControllerAdvice: WebApplicationContext for namespace 'spring-servlet': startup date [Sat Aug 15 12:02:54 CST 2015]; parent: Root WebApplicationContext> [RequestMappingHandlerAdapter.java518]
 [INFO] 2015-08-15 12:02:54 <Looking for @ControllerAdvice: WebApplicationContext for namespace 'spring-servlet': startup date [Sat Aug 15 12:02:54 CST 2015]; parent: Root WebApplicationContext> [RequestMappingHandlerAdapter.java518]
 [INFO] 2015-08-15 12:02:54 <Mapped URL path [/js/**] onto handler 'org.springframework.web.servlet.resource.ResourceHttpRequestHandler#0'> [AbstractUrlHandlerMapping.java314]
 [INFO] 2015-08-15 12:02:54 <FrameworkServlet 'spring': initialization completed in 927 ms> [FrameworkServlet.java503]
 [INFO] 2015-08-15 12:03:39 <Closing WebApplicationContext for namespace 'spring-servlet': startup date [Sat Aug 15 12:02:54 CST 2015]; parent: Root WebApplicationContext> [AbstractApplicationContext.java862]
 [INFO] 2015-08-15 12:03:39 <Closing Root WebApplicationContext: startup date [Sat Aug 15 12:02:52 CST 2015]; root of context hierarchy> [AbstractApplicationContext.java862]
 [INFO] 2015-08-15 12:03:57 <Root WebApplicationContext: initialization started> [ContextLoader.java285]
 [INFO] 2015-08-15 12:03:57 <Refreshing Root WebApplicationContext: startup date [Sat Aug 15 12:03:57 CST 2015]; root of context hierarchy> [AbstractApplicationContext.java510]
 [INFO] 2015-08-15 12:03:57 <Loading XML bean definitions from class path resource [spring.xml]> [XmlBeanDefinitionReader.java317]
 [INFO] 2015-08-15 12:03:57 <Loading XML bean definitions from class path resource [spring-hibernate.xml]> [XmlBeanDefinitionReader.java317]
 [INFO] 2015-08-15 12:03:57 <Loading properties file from class path resource [config.properties]> [PropertiesLoaderSupport.java172]
 [INFO] 2015-08-15 12:03:57 <JSR-330 'javax.inject.Inject' annotation found and supported for autowiring> [AutowiredAnnotationBeanPostProcessor.java153]
 [INFO] 2015-08-15 12:03:58 <Loaded JDBC driver: com.mysql.jdbc.Driver> [DriverManagerDataSource.java133]
 [INFO] 2015-08-15 12:03:58 <HCANN000001: Hibernate Commons Annotations {4.0.5.Final}> [JavaReflectionManager.java66]
 [INFO] 2015-08-15 12:03:58 <HHH000412: Hibernate Core {4.3.9.Final}> [Version.java54]
 [INFO] 2015-08-15 12:03:58 <HHH000206: hibernate.properties not found> [Environment.java239]
 [INFO] 2015-08-15 12:03:58 <HHH000021: Bytecode provider name : javassist> [Environment.java346]
 [INFO] 2015-08-15 12:03:58 <HHH000400: Using dialect: org.hibernate.dialect.MySQLDialect> [Dialect.java145]
 [INFO] 2015-08-15 12:03:58 <HHH000399: Using default transaction strategy (direct JDBC transactions)> [TransactionFactoryInitiator.java62]
 [INFO] 2015-08-15 12:03:58 <HHH000397: Using ASTQueryTranslatorFactory> [ASTQueryTranslatorFactory.java47]
 [INFO] 2015-08-15 12:03:59 <HHH000228: Running hbm2ddl schema update> [SchemaUpdate.java207]
 [INFO] 2015-08-15 12:03:59 <HHH000102: Fetching database metadata> [SchemaUpdate.java218]
 [INFO] 2015-08-15 12:03:59 <HHH000396: Updating schema> [SchemaUpdate.java230]
 [INFO] 2015-08-15 12:03:59 <HHH000261: Table found: core.t_user> [TableMetadata.java66]
 [INFO] 2015-08-15 12:03:59 <HHH000037: Columns: [id, username, registertime, password]> [TableMetadata.java67]
 [INFO] 2015-08-15 12:03:59 <HHH000108: Foreign keys: []> [TableMetadata.java69]
 [INFO] 2015-08-15 12:03:59 <HHH000126: Indexes: [primary]> [TableMetadata.java70]
 [INFO] 2015-08-15 12:03:59 <HHH000232: Schema update complete> [SchemaUpdate.java267]
 [INFO] 2015-08-15 12:03:59 <Using DataSource [org.springframework.jdbc.datasource.DriverManagerDataSource@b471fe] of Hibernate SessionFactory for HibernateTransactionManager> [HibernateTransactionManager.java360]
 [INFO] 2015-08-15 12:03:59 <Root WebApplicationContext: initialization completed in 1770 ms> [ContextLoader.java325]
 [INFO] 2015-08-15 12:03:59 <FrameworkServlet 'spring': initialization started> [FrameworkServlet.java484]
 [INFO] 2015-08-15 12:03:59 <Refreshing WebApplicationContext for namespace 'spring-servlet': startup date [Sat Aug 15 12:03:59 CST 2015]; parent: Root WebApplicationContext> [AbstractApplicationContext.java510]
 [INFO] 2015-08-15 12:03:59 <Loading XML bean definitions from class path resource [spring-mvc.xml]> [XmlBeanDefinitionReader.java317]
 [INFO] 2015-08-15 12:03:59 <JSR-330 'javax.inject.Inject' annotation found and supported for autowiring> [AutowiredAnnotationBeanPostProcessor.java153]
 [INFO] 2015-08-15 12:03:59 <Mapped "{[/login],methods=[POST],params=[],headers=[],consumes=[],produces=[],custom=[]}" onto public java.lang.String com.htrj.core.controller.Application.login(com.htrj.core.model.User,javax.servlet.http.HttpServletRequest)> [AbstractHandlerMethodMapping.java220]
 [INFO] 2015-08-15 12:03:59 <Mapped "{[/user/save],methods=[POST],params=[],headers=[],consumes=[],produces=[],custom=[]}" onto public void com.htrj.core.controller.Users.save(com.htrj.core.model.User,javax.servlet.http.HttpServletRequest,javax.servlet.http.HttpServletResponse)> [AbstractHandlerMethodMapping.java220]
 [INFO] 2015-08-15 12:03:59 <Mapped "{[/user/delete],methods=[POST],params=[],headers=[],consumes=[],produces=[],custom=[]}" onto public void com.htrj.core.controller.Users.delete(com.htrj.core.model.User)> [AbstractHandlerMethodMapping.java220]
 [INFO] 2015-08-15 12:03:59 <Mapped "{[/user/search],methods=[GET],params=[],headers=[],consumes=[],produces=[],custom=[]}" onto public void com.htrj.core.controller.Users.search() throws java.io.IOException> [AbstractHandlerMethodMapping.java220]
 [INFO] 2015-08-15 12:03:59 <Mapped "{[/user/index],methods=[POST],params=[],headers=[],consumes=[],produces=[],custom=[]}" onto public void com.htrj.core.controller.Users.index()> [AbstractHandlerMethodMapping.java220]
 [INFO] 2015-08-15 12:03:59 <Mapped "{[/user/show],methods=[POST],params=[],headers=[],consumes=[],produces=[],custom=[]}" onto public void com.htrj.core.controller.Users.show(java.lang.Long)> [AbstractHandlerMethodMapping.java220]
 [INFO] 2015-08-15 12:03:59 <Mapped "{[/user/update],methods=[POST],params=[],headers=[],consumes=[],produces=[],custom=[]}" onto public void com.htrj.core.controller.Users.update(com.htrj.core.model.User)> [AbstractHandlerMethodMapping.java220]
 [INFO] 2015-08-15 12:03:59 <Mapped "{[/user/success],methods=[POST],params=[],headers=[],consumes=[],produces=[],custom=[]}" onto public java.lang.String com.htrj.core.controller.Users.success()> [AbstractHandlerMethodMapping.java220]
 [INFO] 2015-08-15 12:03:59 <Mapped "{[/user/userList],methods=[GET],params=[],headers=[],consumes=[],produces=[],custom=[]}" onto public java.util.List<com.htrj.core.model.User> com.htrj.core.controller.Users.userList()> [AbstractHandlerMethodMapping.java220]
 [INFO] 2015-08-15 12:03:59 <Looking for @ControllerAdvice: WebApplicationContext for namespace 'spring-servlet': startup date [Sat Aug 15 12:03:59 CST 2015]; parent: Root WebApplicationContext> [RequestMappingHandlerAdapter.java518]
 [INFO] 2015-08-15 12:03:59 <Looking for @ControllerAdvice: WebApplicationContext for namespace 'spring-servlet': startup date [Sat Aug 15 12:03:59 CST 2015]; parent: Root WebApplicationContext> [RequestMappingHandlerAdapter.java518]
 [INFO] 2015-08-15 12:04:00 <Mapped URL path [/js/**] onto handler 'org.springframework.web.servlet.resource.ResourceHttpRequestHandler#0'> [AbstractUrlHandlerMapping.java314]
 [INFO] 2015-08-15 12:04:00 <FrameworkServlet 'spring': initialization completed in 673 ms> [FrameworkServlet.java503]
 [WARN] 2015-08-15 12:04:22 <No mapping found for HTTP request with URI [/core/] in DispatcherServlet with name 'spring'> [DispatcherServlet.java1120]
 [WARN] 2015-08-15 12:04:32 <Request method 'GET' not supported> [DefaultHandlerExceptionResolver.java198]
 [WARN] 2015-08-15 12:04:42 <No mapping found for HTTP request with URI [/core/user/getUserList] in DispatcherServlet with name 'spring'> [DispatcherServlet.java1120]
 [INFO] 2015-08-15 12:05:40 <Closing WebApplicationContext for namespace 'spring-servlet': startup date [Sat Aug 15 12:03:59 CST 2015]; parent: Root WebApplicationContext> [AbstractApplicationContext.java862]
 [INFO] 2015-08-15 12:05:40 <Closing Root WebApplicationContext: startup date [Sat Aug 15 12:03:57 CST 2015]; root of context hierarchy> [AbstractApplicationContext.java862]
 [INFO] 2015-08-15 12:05:41 <Root WebApplicationContext: initialization started> [ContextLoader.java285]
 [INFO] 2015-08-15 12:05:41 <Refreshing Root WebApplicationContext: startup date [Sat Aug 15 12:05:41 CST 2015]; root of context hierarchy> [AbstractApplicationContext.java510]
 [INFO] 2015-08-15 12:05:41 <Loading XML bean definitions from class path resource [spring.xml]> [XmlBeanDefinitionReader.java317]
 [INFO] 2015-08-15 12:05:41 <Loading XML bean definitions from class path resource [spring-hibernate.xml]> [XmlBeanDefinitionReader.java317]
 [INFO] 2015-08-15 12:05:41 <Loading properties file from class path resource [config.properties]> [PropertiesLoaderSupport.java172]
 [INFO] 2015-08-15 12:05:41 <JSR-330 'javax.inject.Inject' annotation found and supported for autowiring> [AutowiredAnnotationBeanPostProcessor.java153]
 [INFO] 2015-08-15 12:05:41 <Loaded JDBC driver: com.mysql.jdbc.Driver> [DriverManagerDataSource.java133]
 [INFO] 2015-08-15 12:05:41 <HCANN000001: Hibernate Commons Annotations {4.0.5.Final}> [JavaReflectionManager.java66]
 [INFO] 2015-08-15 12:05:41 <HHH000412: Hibernate Core {4.3.9.Final}> [Version.java54]
 [INFO] 2015-08-15 12:05:41 <HHH000206: hibernate.properties not found> [Environment.java239]
 [INFO] 2015-08-15 12:05:41 <HHH000021: Bytecode provider name : javassist> [Environment.java346]
 [INFO] 2015-08-15 12:05:42 <HHH000400: Using dialect: org.hibernate.dialect.MySQLDialect> [Dialect.java145]
 [INFO] 2015-08-15 12:05:42 <HHH000399: Using default transaction strategy (direct JDBC transactions)> [TransactionFactoryInitiator.java62]
 [INFO] 2015-08-15 12:05:42 <HHH000397: Using ASTQueryTranslatorFactory> [ASTQueryTranslatorFactory.java47]
 [INFO] 2015-08-15 12:05:42 <HHH000228: Running hbm2ddl schema update> [SchemaUpdate.java207]
 [INFO] 2015-08-15 12:05:42 <HHH000102: Fetching database metadata> [SchemaUpdate.java218]
 [INFO] 2015-08-15 12:05:42 <HHH000396: Updating schema> [SchemaUpdate.java230]
 [INFO] 2015-08-15 12:05:42 <HHH000261: Table found: core.t_user> [TableMetadata.java66]
 [INFO] 2015-08-15 12:05:42 <HHH000037: Columns: [id, username, registertime, password]> [TableMetadata.java67]
 [INFO] 2015-08-15 12:05:42 <HHH000108: Foreign keys: []> [TableMetadata.java69]
 [INFO] 2015-08-15 12:05:42 <HHH000126: Indexes: [primary]> [TableMetadata.java70]
 [INFO] 2015-08-15 12:05:42 <HHH000232: Schema update complete> [SchemaUpdate.java267]
 [INFO] 2015-08-15 12:05:42 <Using DataSource [org.springframework.jdbc.datasource.DriverManagerDataSource@f18cc3] of Hibernate SessionFactory for HibernateTransactionManager> [HibernateTransactionManager.java360]
 [INFO] 2015-08-15 12:05:42 <Root WebApplicationContext: initialization completed in 1656 ms> [ContextLoader.java325]
 [INFO] 2015-08-15 12:05:42 <FrameworkServlet 'spring': initialization started> [FrameworkServlet.java484]
 [INFO] 2015-08-15 12:05:42 <Refreshing WebApplicationContext for namespace 'spring-servlet': startup date [Sat Aug 15 12:05:42 CST 2015]; parent: Root WebApplicationContext> [AbstractApplicationContext.java510]
 [INFO] 2015-08-15 12:05:42 <Loading XML bean definitions from class path resource [spring-mvc.xml]> [XmlBeanDefinitionReader.java317]
 [INFO] 2015-08-15 12:05:42 <JSR-330 'javax.inject.Inject' annotation found and supported for autowiring> [AutowiredAnnotationBeanPostProcessor.java153]
 [INFO] 2015-08-15 12:05:42 <Mapped "{[/login],methods=[POST],params=[],headers=[],consumes=[],produces=[],custom=[]}" onto public java.lang.String com.htrj.core.controller.Application.login(com.htrj.core.model.User,javax.servlet.http.HttpServletRequest)> [AbstractHandlerMethodMapping.java220]
 [INFO] 2015-08-15 12:05:42 <Mapped "{[/user/save],methods=[POST],params=[],headers=[],consumes=[],produces=[],custom=[]}" onto public void com.htrj.core.controller.Users.save(com.htrj.core.model.User,javax.servlet.http.HttpServletRequest,javax.servlet.http.HttpServletResponse)> [AbstractHandlerMethodMapping.java220]
 [INFO] 2015-08-15 12:05:42 <Mapped "{[/user/delete],methods=[POST],params=[],headers=[],consumes=[],produces=[],custom=[]}" onto public void com.htrj.core.controller.Users.delete(com.htrj.core.model.User)> [AbstractHandlerMethodMapping.java220]
 [INFO] 2015-08-15 12:05:42 <Mapped "{[/user/search],methods=[GET],params=[],headers=[],consumes=[],produces=[],custom=[]}" onto public void com.htrj.core.controller.Users.search() throws java.io.IOException> [AbstractHandlerMethodMapping.java220]
 [INFO] 2015-08-15 12:05:42 <Mapped "{[/user/index],methods=[POST],params=[],headers=[],consumes=[],produces=[],custom=[]}" onto public void com.htrj.core.controller.Users.index()> [AbstractHandlerMethodMapping.java220]
 [INFO] 2015-08-15 12:05:42 <Mapped "{[/user/show],methods=[POST],params=[],headers=[],consumes=[],produces=[],custom=[]}" onto public void com.htrj.core.controller.Users.show(java.lang.Long)> [AbstractHandlerMethodMapping.java220]
 [INFO] 2015-08-15 12:05:42 <Mapped "{[/user/update],methods=[POST],params=[],headers=[],consumes=[],produces=[],custom=[]}" onto public void com.htrj.core.controller.Users.update(com.htrj.core.model.User)> [AbstractHandlerMethodMapping.java220]
 [INFO] 2015-08-15 12:05:42 <Mapped "{[/user/success],methods=[POST],params=[],headers=[],consumes=[],produces=[],custom=[]}" onto public java.lang.String com.htrj.core.controller.Users.success()> [AbstractHandlerMethodMapping.java220]
 [INFO] 2015-08-15 12:05:42 <Mapped "{[/user/userList],methods=[GET],params=[],headers=[],consumes=[],produces=[],custom=[]}" onto public java.util.List<com.htrj.core.model.User> com.htrj.core.controller.Users.userList()> [AbstractHandlerMethodMapping.java220]
 [INFO] 2015-08-15 12:05:43 <Looking for @ControllerAdvice: WebApplicationContext for namespace 'spring-servlet': startup date [Sat Aug 15 12:05:42 CST 2015]; parent: Root WebApplicationContext> [RequestMappingHandlerAdapter.java518]
 [INFO] 2015-08-15 12:05:43 <Looking for @ControllerAdvice: WebApplicationContext for namespace 'spring-servlet': startup date [Sat Aug 15 12:05:42 CST 2015]; parent: Root WebApplicationContext> [RequestMappingHandlerAdapter.java518]
 [INFO] 2015-08-15 12:05:43 <Mapped URL path [/js/**] onto handler 'org.springframework.web.servlet.resource.ResourceHttpRequestHandler#0'> [AbstractUrlHandlerMapping.java314]
 [INFO] 2015-08-15 12:05:43 <FrameworkServlet 'spring': initialization completed in 657 ms> [FrameworkServlet.java503]
 [INFO] 2015-08-15 12:06:17 <Closing WebApplicationContext for namespace 'spring-servlet': startup date [Sat Aug 15 12:05:42 CST 2015]; parent: Root WebApplicationContext> [AbstractApplicationContext.java862]
 [INFO] 2015-08-15 12:06:17 <Closing Root WebApplicationContext: startup date [Sat Aug 15 12:05:41 CST 2015]; root of context hierarchy> [AbstractApplicationContext.java862]
 [INFO] 2015-08-15 12:06:31 <Root WebApplicationContext: initialization started> [ContextLoader.java285]
 [INFO] 2015-08-15 12:06:31 <Refreshing Root WebApplicationContext: startup date [Sat Aug 15 12:06:31 CST 2015]; root of context hierarchy> [AbstractApplicationContext.java510]
 [INFO] 2015-08-15 12:06:31 <Loading XML bean definitions from class path resource [spring.xml]> [XmlBeanDefinitionReader.java317]
 [INFO] 2015-08-15 12:06:31 <Loading XML bean definitions from class path resource [spring-hibernate.xml]> [XmlBeanDefinitionReader.java317]
 [INFO] 2015-08-15 12:06:31 <Loading properties file from class path resource [config.properties]> [PropertiesLoaderSupport.java172]
 [INFO] 2015-08-15 12:06:31 <JSR-330 'javax.inject.Inject' annotation found and supported for autowiring> [AutowiredAnnotationBeanPostProcessor.java153]
 [INFO] 2015-08-15 12:06:31 <Loaded JDBC driver: com.mysql.jdbc.Driver> [DriverManagerDataSource.java133]
 [INFO] 2015-08-15 12:06:31 <HCANN000001: Hibernate Commons Annotations {4.0.5.Final}> [JavaReflectionManager.java66]
 [INFO] 2015-08-15 12:06:31 <HHH000412: Hibernate Core {4.3.9.Final}> [Version.java54]
 [INFO] 2015-08-15 12:06:31 <HHH000206: hibernate.properties not found> [Environment.java239]
 [INFO] 2015-08-15 12:06:31 <HHH000021: Bytecode provider name : javassist> [Environment.java346]
 [INFO] 2015-08-15 12:06:32 <HHH000400: Using dialect: org.hibernate.dialect.MySQLDialect> [Dialect.java145]
 [INFO] 2015-08-15 12:06:32 <HHH000399: Using default transaction strategy (direct JDBC transactions)> [TransactionFactoryInitiator.java62]
 [INFO] 2015-08-15 12:06:32 <HHH000397: Using ASTQueryTranslatorFactory> [ASTQueryTranslatorFactory.java47]
 [INFO] 2015-08-15 12:06:32 <HHH000228: Running hbm2ddl schema update> [SchemaUpdate.java207]
 [INFO] 2015-08-15 12:06:32 <HHH000102: Fetching database metadata> [SchemaUpdate.java218]
 [INFO] 2015-08-15 12:06:32 <HHH000396: Updating schema> [SchemaUpdate.java230]
 [INFO] 2015-08-15 12:06:32 <HHH000261: Table found: core.t_user> [TableMetadata.java66]
 [INFO] 2015-08-15 12:06:32 <HHH000037: Columns: [id, username, registertime, password]> [TableMetadata.java67]
 [INFO] 2015-08-15 12:06:32 <HHH000108: Foreign keys: []> [TableMetadata.java69]
 [INFO] 2015-08-15 12:06:32 <HHH000126: Indexes: [primary]> [TableMetadata.java70]
 [INFO] 2015-08-15 12:06:32 <HHH000232: Schema update complete> [SchemaUpdate.java267]
 [INFO] 2015-08-15 12:06:32 <Using DataSource [org.springframework.jdbc.datasource.DriverManagerDataSource@b481ba] of Hibernate SessionFactory for HibernateTransactionManager> [HibernateTransactionManager.java360]
 [INFO] 2015-08-15 12:06:32 <Root WebApplicationContext: initialization completed in 1828 ms> [ContextLoader.java325]
 [INFO] 2015-08-15 12:06:33 <FrameworkServlet 'spring': initialization started> [FrameworkServlet.java484]
 [INFO] 2015-08-15 12:06:33 <Refreshing WebApplicationContext for namespace 'spring-servlet': startup date [Sat Aug 15 12:06:33 CST 2015]; parent: Root WebApplicationContext> [AbstractApplicationContext.java510]
 [INFO] 2015-08-15 12:06:33 <Loading XML bean definitions from class path resource [spring-mvc.xml]> [XmlBeanDefinitionReader.java317]
 [INFO] 2015-08-15 12:06:33 <JSR-330 'javax.inject.Inject' annotation found and supported for autowiring> [AutowiredAnnotationBeanPostProcessor.java153]
 [INFO] 2015-08-15 12:06:33 <Mapped "{[/login],methods=[POST],params=[],headers=[],consumes=[],produces=[],custom=[]}" onto public java.lang.String com.htrj.core.controller.Application.login(com.htrj.core.model.User,javax.servlet.http.HttpServletRequest)> [AbstractHandlerMethodMapping.java220]
 [INFO] 2015-08-15 12:06:33 <Mapped "{[/user/save],methods=[POST],params=[],headers=[],consumes=[],produces=[],custom=[]}" onto public void com.htrj.core.controller.Users.save(com.htrj.core.model.User,javax.servlet.http.HttpServletRequest,javax.servlet.http.HttpServletResponse)> [AbstractHandlerMethodMapping.java220]
 [INFO] 2015-08-15 12:06:33 <Mapped "{[/user/delete],methods=[POST],params=[],headers=[],consumes=[],produces=[],custom=[]}" onto public void com.htrj.core.controller.Users.delete(com.htrj.core.model.User)> [AbstractHandlerMethodMapping.java220]
 [INFO] 2015-08-15 12:06:33 <Mapped "{[/user/search],methods=[GET],params=[],headers=[],consumes=[],produces=[],custom=[]}" onto public void com.htrj.core.controller.Users.search() throws java.io.IOException> [AbstractHandlerMethodMapping.java220]
 [INFO] 2015-08-15 12:06:33 <Mapped "{[/user/index],methods=[POST],params=[],headers=[],consumes=[],produces=[],custom=[]}" onto public void com.htrj.core.controller.Users.index()> [AbstractHandlerMethodMapping.java220]
 [INFO] 2015-08-15 12:06:33 <Mapped "{[/user/show],methods=[POST],params=[],headers=[],consumes=[],produces=[],custom=[]}" onto public void com.htrj.core.controller.Users.show(java.lang.Long)> [AbstractHandlerMethodMapping.java220]
 [INFO] 2015-08-15 12:06:33 <Mapped "{[/user/update],methods=[POST],params=[],headers=[],consumes=[],produces=[],custom=[]}" onto public void com.htrj.core.controller.Users.update(com.htrj.core.model.User)> [AbstractHandlerMethodMapping.java220]
 [INFO] 2015-08-15 12:06:33 <Mapped "{[/user/success],methods=[POST],params=[],headers=[],consumes=[],produces=[],custom=[]}" onto public java.lang.String com.htrj.core.controller.Users.success()> [AbstractHandlerMethodMapping.java220]
 [INFO] 2015-08-15 12:06:33 <Mapped "{[/user/userList],methods=[GET],params=[],headers=[],consumes=[],produces=[],custom=[]}" onto public java.util.List<com.htrj.core.model.User> com.htrj.core.controller.Users.userList()> [AbstractHandlerMethodMapping.java220]
 [INFO] 2015-08-15 12:06:33 <Looking for @ControllerAdvice: WebApplicationContext for namespace 'spring-servlet': startup date [Sat Aug 15 12:06:33 CST 2015]; parent: Root WebApplicationContext> [RequestMappingHandlerAdapter.java518]
 [INFO] 2015-08-15 12:06:33 <Looking for @ControllerAdvice: WebApplicationContext for namespace 'spring-servlet': startup date [Sat Aug 15 12:06:33 CST 2015]; parent: Root WebApplicationContext> [RequestMappingHandlerAdapter.java518]
 [INFO] 2015-08-15 12:06:33 <Mapped URL path [/js/**] onto handler 'org.springframework.web.servlet.resource.ResourceHttpRequestHandler#0'> [AbstractUrlHandlerMapping.java314]
 [INFO] 2015-08-15 12:06:33 <FrameworkServlet 'spring': initialization completed in 692 ms> [FrameworkServlet.java503]
 [INFO] 2015-08-15 12:07:03 <Closing WebApplicationContext for namespace 'spring-servlet': startup date [Sat Aug 15 12:06:33 CST 2015]; parent: Root WebApplicationContext> [AbstractApplicationContext.java862]
 [INFO] 2015-08-15 12:07:03 <Closing Root WebApplicationContext: startup date [Sat Aug 15 12:06:31 CST 2015]; root of context hierarchy> [AbstractApplicationContext.java862]
 [INFO] 2015-08-15 12:07:03 <Root WebApplicationContext: initialization started> [ContextLoader.java285]
 [INFO] 2015-08-15 12:07:04 <Refreshing Root WebApplicationContext: startup date [Sat Aug 15 12:07:04 CST 2015]; root of context hierarchy> [AbstractApplicationContext.java510]
 [INFO] 2015-08-15 12:07:04 <Loading XML bean definitions from class path resource [spring.xml]> [XmlBeanDefinitionReader.java317]
 [INFO] 2015-08-15 12:07:04 <Loading XML bean definitions from class path resource [spring-hibernate.xml]> [XmlBeanDefinitionReader.java317]
 [INFO] 2015-08-15 12:07:04 <Loading properties file from class path resource [config.properties]> [PropertiesLoaderSupport.java172]
 [INFO] 2015-08-15 12:07:04 <JSR-330 'javax.inject.Inject' annotation found and supported for autowiring> [AutowiredAnnotationBeanPostProcessor.java153]
 [INFO] 2015-08-15 12:07:04 <Loaded JDBC driver: com.mysql.jdbc.Driver> [DriverManagerDataSource.java133]
 [INFO] 2015-08-15 12:07:44 <Root WebApplicationContext: initialization started> [ContextLoader.java285]
 [INFO] 2015-08-15 12:07:44 <Refreshing Root WebApplicationContext: startup date [Sat Aug 15 12:07:44 CST 2015]; root of context hierarchy> [AbstractApplicationContext.java510]
 [INFO] 2015-08-15 12:07:44 <Loading XML bean definitions from class path resource [spring.xml]> [XmlBeanDefinitionReader.java317]
 [INFO] 2015-08-15 12:07:44 <Loading XML bean definitions from class path resource [spring-hibernate.xml]> [XmlBeanDefinitionReader.java317]
 [INFO] 2015-08-15 12:07:44 <Loading properties file from class path resource [config.properties]> [PropertiesLoaderSupport.java172]
 [INFO] 2015-08-15 12:07:44 <JSR-330 'javax.inject.Inject' annotation found and supported for autowiring> [AutowiredAnnotationBeanPostProcessor.java153]
 [INFO] 2015-08-15 12:07:44 <Loaded JDBC driver: com.mysql.jdbc.Driver> [DriverManagerDataSource.java133]
 [INFO] 2015-08-15 12:07:44 <HCANN000001: Hibernate Commons Annotations {4.0.5.Final}> [JavaReflectionManager.java66]
 [INFO] 2015-08-15 12:07:44 <HHH000412: Hibernate Core {4.3.9.Final}> [Version.java54]
 [INFO] 2015-08-15 12:07:44 <HHH000206: hibernate.properties not found> [Environment.java239]
 [INFO] 2015-08-15 12:07:44 <HHH000021: Bytecode provider name : javassist> [Environment.java346]
 [INFO] 2015-08-15 12:07:45 <HHH000400: Using dialect: org.hibernate.dialect.MySQLDialect> [Dialect.java145]
 [INFO] 2015-08-15 12:07:45 <HHH000399: Using default transaction strategy (direct JDBC transactions)> [TransactionFactoryInitiator.java62]
 [INFO] 2015-08-15 12:07:45 <HHH000397: Using ASTQueryTranslatorFactory> [ASTQueryTranslatorFactory.java47]
 [INFO] 2015-08-15 12:07:45 <HHH000228: Running hbm2ddl schema update> [SchemaUpdate.java207]
 [INFO] 2015-08-15 12:07:45 <HHH000102: Fetching database metadata> [SchemaUpdate.java218]
 [INFO] 2015-08-15 12:07:45 <HHH000396: Updating schema> [SchemaUpdate.java230]
 [INFO] 2015-08-15 12:07:45 <HHH000261: Table found: core.t_user> [TableMetadata.java66]
 [INFO] 2015-08-15 12:07:45 <HHH000037: Columns: [id, username, registertime, password]> [TableMetadata.java67]
 [INFO] 2015-08-15 12:07:45 <HHH000108: Foreign keys: []> [TableMetadata.java69]
 [INFO] 2015-08-15 12:07:45 <HHH000126: Indexes: [primary]> [TableMetadata.java70]
 [INFO] 2015-08-15 12:07:45 <HHH000232: Schema update complete> [SchemaUpdate.java267]
 [INFO] 2015-08-15 12:07:45 <Using DataSource [org.springframework.jdbc.datasource.DriverManagerDataSource@f2ff9b] of Hibernate SessionFactory for HibernateTransactionManager> [HibernateTransactionManager.java360]
 [INFO] 2015-08-15 12:07:45 <Root WebApplicationContext: initialization completed in 1606 ms> [ContextLoader.java325]
 [INFO] 2015-08-15 12:07:45 <FrameworkServlet 'spring': initialization started> [FrameworkServlet.java484]
 [INFO] 2015-08-15 12:07:45 <Refreshing WebApplicationContext for namespace 'spring-servlet': startup date [Sat Aug 15 12:07:45 CST 2015]; parent: Root WebApplicationContext> [AbstractApplicationContext.java510]
 [INFO] 2015-08-15 12:07:45 <Loading XML bean definitions from class path resource [spring-mvc.xml]> [XmlBeanDefinitionReader.java317]
 [INFO] 2015-08-15 12:07:45 <JSR-330 'javax.inject.Inject' annotation found and supported for autowiring> [AutowiredAnnotationBeanPostProcessor.java153]
 [INFO] 2015-08-15 12:07:46 <Mapped "{[/login],methods=[POST],params=[],headers=[],consumes=[],produces=[],custom=[]}" onto public java.lang.String com.htrj.core.controller.Application.login(com.htrj.core.model.User,javax.servlet.http.HttpServletRequest)> [AbstractHandlerMethodMapping.java220]
 [INFO] 2015-08-15 12:07:46 <Mapped "{[/user/save],methods=[POST],params=[],headers=[],consumes=[],produces=[],custom=[]}" onto public void com.htrj.core.controller.Users.save(com.htrj.core.model.User,javax.servlet.http.HttpServletRequest,javax.servlet.http.HttpServletResponse)> [AbstractHandlerMethodMapping.java220]
 [INFO] 2015-08-15 12:07:46 <Mapped "{[/user/delete],methods=[POST],params=[],headers=[],consumes=[],produces=[],custom=[]}" onto public void com.htrj.core.controller.Users.delete(com.htrj.core.model.User)> [AbstractHandlerMethodMapping.java220]
 [INFO] 2015-08-15 12:07:46 <Mapped "{[/user/search],methods=[GET],params=[],headers=[],consumes=[],produces=[],custom=[]}" onto public void com.htrj.core.controller.Users.search() throws java.io.IOException> [AbstractHandlerMethodMapping.java220]
 [INFO] 2015-08-15 12:07:46 <Mapped "{[/user/index],methods=[POST],params=[],headers=[],consumes=[],produces=[],custom=[]}" onto public void com.htrj.core.controller.Users.index()> [AbstractHandlerMethodMapping.java220]
 [INFO] 2015-08-15 12:07:46 <Mapped "{[/user/show],methods=[POST],params=[],headers=[],consumes=[],produces=[],custom=[]}" onto public void com.htrj.core.controller.Users.show(java.lang.Long)> [AbstractHandlerMethodMapping.java220]
 [INFO] 2015-08-15 12:07:46 <Mapped "{[/user/update],methods=[POST],params=[],headers=[],consumes=[],produces=[],custom=[]}" onto public void com.htrj.core.controller.Users.update(com.htrj.core.model.User)> [AbstractHandlerMethodMapping.java220]
 [INFO] 2015-08-15 12:07:46 <Mapped "{[/user/success],methods=[POST],params=[],headers=[],consumes=[],produces=[],custom=[]}" onto public java.lang.String com.htrj.core.controller.Users.success()> [AbstractHandlerMethodMapping.java220]
 [INFO] 2015-08-15 12:07:46 <Mapped "{[/user/userList],methods=[GET],params=[],headers=[],consumes=[],produces=[],custom=[]}" onto public java.util.List<com.htrj.core.model.User> com.htrj.core.controller.Users.userList()> [AbstractHandlerMethodMapping.java220]
 [INFO] 2015-08-15 12:07:46 <Looking for @ControllerAdvice: WebApplicationContext for namespace 'spring-servlet': startup date [Sat Aug 15 12:07:45 CST 2015]; parent: Root WebApplicationContext> [RequestMappingHandlerAdapter.java518]
 [INFO] 2015-08-15 12:07:46 <Looking for @ControllerAdvice: WebApplicationContext for namespace 'spring-servlet': startup date [Sat Aug 15 12:07:45 CST 2015]; parent: Root WebApplicationContext> [RequestMappingHandlerAdapter.java518]
 [INFO] 2015-08-15 12:07:46 <Mapped URL path [/js/**] onto handler 'org.springframework.web.servlet.resource.ResourceHttpRequestHandler#0'> [AbstractUrlHandlerMapping.java314]
 [INFO] 2015-08-15 12:07:46 <FrameworkServlet 'spring': initialization completed in 637 ms> [FrameworkServlet.java503]
 [WARN] 2015-08-15 12:08:20 <Request method 'GET' not supported> [DefaultHandlerExceptionResolver.java198]
 [WARN] 2015-08-15 12:08:25 <No mapping found for HTTP request with URI [/core/] in DispatcherServlet with name 'spring'> [DispatcherServlet.java1120]
 [INFO] 2015-08-15 12:12:07 <Closing WebApplicationContext for namespace 'spring-servlet': startup date [Sat Aug 15 12:07:45 CST 2015]; parent: Root WebApplicationContext> [AbstractApplicationContext.java862]
 [INFO] 2015-08-15 12:12:07 <Closing Root WebApplicationContext: startup date [Sat Aug 15 12:07:44 CST 2015]; root of context hierarchy> [AbstractApplicationContext.java862]
 [INFO] 2015-08-15 12:12:07 <Root WebApplicationContext: initialization started> [ContextLoader.java285]
 [INFO] 2015-08-15 12:12:07 <Refreshing Root WebApplicationContext: startup date [Sat Aug 15 12:12:07 CST 2015]; root of context hierarchy> [AbstractApplicationContext.java510]
 [INFO] 2015-08-15 12:12:07 <Loading XML bean definitions from class path resource [spring.xml]> [XmlBeanDefinitionReader.java317]
 [INFO] 2015-08-15 12:12:07 <Loading XML bean definitions from class path resource [spring-hibernate.xml]> [XmlBeanDefinitionReader.java317]
 [INFO] 2015-08-15 12:12:07 <Loading properties file from class path resource [config.properties]> [PropertiesLoaderSupport.java172]
 [INFO] 2015-08-15 12:12:07 <JSR-330 'javax.inject.Inject' annotation found and supported for autowiring> [AutowiredAnnotationBeanPostProcessor.java153]
 [INFO] 2015-08-15 12:12:07 <Loaded JDBC driver: com.mysql.jdbc.Driver> [DriverManagerDataSource.java133]
 [INFO] 2015-08-15 12:12:08 <HCANN000001: Hibernate Commons Annotations {4.0.5.Final}> [JavaReflectionManager.java66]
 [INFO] 2015-08-15 12:12:08 <HHH000412: Hibernate Core {4.3.9.Final}> [Version.java54]
 [INFO] 2015-08-15 12:12:08 <HHH000206: hibernate.properties not found> [Environment.java239]
 [INFO] 2015-08-15 12:12:08 <HHH000021: Bytecode provider name : javassist> [Environment.java346]
 [INFO] 2015-08-15 12:12:08 <HHH000400: Using dialect: org.hibernate.dialect.MySQLDialect> [Dialect.java145]
 [INFO] 2015-08-15 12:12:08 <HHH000399: Using default transaction strategy (direct JDBC transactions)> [TransactionFactoryInitiator.java62]
 [INFO] 2015-08-15 12:12:08 <HHH000397: Using ASTQueryTranslatorFactory> [ASTQueryTranslatorFactory.java47]
 [INFO] 2015-08-15 12:12:09 <HHH000228: Running hbm2ddl schema update> [SchemaUpdate.java207]
 [INFO] 2015-08-15 12:12:09 <HHH000102: Fetching database metadata> [SchemaUpdate.java218]
 [INFO] 2015-08-15 12:12:09 <HHH000396: Updating schema> [SchemaUpdate.java230]
 [INFO] 2015-08-15 12:12:09 <HHH000261: Table found: core.t_user> [TableMetadata.java66]
 [INFO] 2015-08-15 12:12:09 <HHH000037: Columns: [id, username, registertime, password]> [TableMetadata.java67]
 [INFO] 2015-08-15 12:12:09 <HHH000108: Foreign keys: []> [TableMetadata.java69]
 [INFO] 2015-08-15 12:12:09 <HHH000126: Indexes: [primary]> [TableMetadata.java70]
 [INFO] 2015-08-15 12:12:09 <HHH000232: Schema update complete> [SchemaUpdate.java267]
 [INFO] 2015-08-15 12:12:09 <Using DataSource [org.springframework.jdbc.datasource.DriverManagerDataSource@fc63be] of Hibernate SessionFactory for HibernateTransactionManager> [HibernateTransactionManager.java360]
 [INFO] 2015-08-15 12:12:09 <Root WebApplicationContext: initialization completed in 1718 ms> [ContextLoader.java325]
 [INFO] 2015-08-15 12:12:09 <FrameworkServlet 'spring': initialization started> [FrameworkServlet.java484]
 [INFO] 2015-08-15 12:12:09 <Refreshing WebApplicationContext for namespace 'spring-servlet': startup date [Sat Aug 15 12:12:09 CST 2015]; parent: Root WebApplicationContext> [AbstractApplicationContext.java510]
 [INFO] 2015-08-15 12:12:09 <Loading XML bean definitions from class path resource [spring-mvc.xml]> [XmlBeanDefinitionReader.java317]
 [INFO] 2015-08-15 12:12:09 <JSR-330 'javax.inject.Inject' annotation found and supported for autowiring> [AutowiredAnnotationBeanPostProcessor.java153]
 [INFO] 2015-08-15 12:12:09 <Mapped "{[/login],methods=[POST],params=[],headers=[],consumes=[],produces=[],custom=[]}" onto public java.lang.String com.htrj.core.controller.Application.login(com.htrj.core.model.User,javax.servlet.http.HttpServletRequest)> [AbstractHandlerMethodMapping.java220]
 [INFO] 2015-08-15 12:12:09 <Mapped "{[/user/save],methods=[POST],params=[],headers=[],consumes=[],produces=[],custom=[]}" onto public void com.htrj.core.controller.Users.save(com.htrj.core.model.User,javax.servlet.http.HttpServletRequest,javax.servlet.http.HttpServletResponse)> [AbstractHandlerMethodMapping.java220]
 [INFO] 2015-08-15 12:12:09 <Mapped "{[/user/delete],methods=[POST],params=[],headers=[],consumes=[],produces=[],custom=[]}" onto public void com.htrj.core.controller.Users.delete(com.htrj.core.model.User)> [AbstractHandlerMethodMapping.java220]
 [INFO] 2015-08-15 12:12:09 <Mapped "{[/user/search],methods=[GET],params=[],headers=[],consumes=[],produces=[],custom=[]}" onto public void com.htrj.core.controller.Users.search() throws java.io.IOException> [AbstractHandlerMethodMapping.java220]
 [INFO] 2015-08-15 12:12:09 <Mapped "{[/user/index],methods=[POST],params=[],headers=[],consumes=[],produces=[],custom=[]}" onto public void com.htrj.core.controller.Users.index()> [AbstractHandlerMethodMapping.java220]
 [INFO] 2015-08-15 12:12:09 <Mapped "{[/user/show],methods=[POST],params=[],headers=[],consumes=[],produces=[],custom=[]}" onto public void com.htrj.core.controller.Users.show(java.lang.Long)> [AbstractHandlerMethodMapping.java220]
 [INFO] 2015-08-15 12:12:09 <Mapped "{[/user/update],methods=[POST],params=[],headers=[],consumes=[],produces=[],custom=[]}" onto public void com.htrj.core.controller.Users.update(com.htrj.core.model.User)> [AbstractHandlerMethodMapping.java220]
 [INFO] 2015-08-15 12:12:09 <Mapped "{[/user/success],methods=[POST],params=[],headers=[],consumes=[],produces=[],custom=[]}" onto public java.lang.String com.htrj.core.controller.Users.success()> [AbstractHandlerMethodMapping.java220]
 [INFO] 2015-08-15 12:12:09 <Mapped "{[/user/userList],methods=[GET],params=[],headers=[],consumes=[],produces=[],custom=[]}" onto public java.util.List<com.htrj.core.model.User> com.htrj.core.controller.Users.userList()> [AbstractHandlerMethodMapping.java220]
 [INFO] 2015-08-15 12:12:09 <Looking for @ControllerAdvice: WebApplicationContext for namespace 'spring-servlet': startup date [Sat Aug 15 12:12:09 CST 2015]; parent: Root WebApplicationContext> [RequestMappingHandlerAdapter.java518]
 [INFO] 2015-08-15 12:12:09 <Looking for @ControllerAdvice: WebApplicationContext for namespace 'spring-servlet': startup date [Sat Aug 15 12:12:09 CST 2015]; parent: Root WebApplicationContext> [RequestMappingHandlerAdapter.java518]
 [INFO] 2015-08-15 12:12:09 <Mapped URL path [/js/**] onto handler 'org.springframework.web.servlet.resource.ResourceHttpRequestHandler#0'> [AbstractUrlHandlerMapping.java314]
 [INFO] 2015-08-15 12:12:09 <FrameworkServlet 'spring': initialization completed in 660 ms> [FrameworkServlet.java503]
 [INFO] 2015-08-15 12:12:12 <Closing WebApplicationContext for namespace 'spring-servlet': startup date [Sat Aug 15 12:12:09 CST 2015]; parent: Root WebApplicationContext> [AbstractApplicationContext.java862]
 [INFO] 2015-08-15 12:12:12 <Closing Root WebApplicationContext: startup date [Sat Aug 15 12:12:07 CST 2015]; root of context hierarchy> [AbstractApplicationContext.java862]
 [INFO] 2015-08-15 12:12:12 <Root WebApplicationContext: initialization started> [ContextLoader.java285]
 [INFO] 2015-08-15 12:12:12 <Refreshing Root WebApplicationContext: startup date [Sat Aug 15 12:12:12 CST 2015]; root of context hierarchy> [AbstractApplicationContext.java510]
 [INFO] 2015-08-15 12:12:12 <Loading XML bean definitions from class path resource [spring.xml]> [XmlBeanDefinitionReader.java317]
 [INFO] 2015-08-15 12:12:12 <Loading XML bean definitions from class path resource [spring-hibernate.xml]> [XmlBeanDefinitionReader.java317]
 [INFO] 2015-08-15 12:12:12 <Loading properties file from class path resource [config.properties]> [PropertiesLoaderSupport.java172]
 [INFO] 2015-08-15 12:12:12 <JSR-330 'javax.inject.Inject' annotation found and supported for autowiring> [AutowiredAnnotationBeanPostProcessor.java153]
 [INFO] 2015-08-15 12:12:12 <Loaded JDBC driver: com.mysql.jdbc.Driver> [DriverManagerDataSource.java133]
 [INFO] 2015-08-15 12:12:13 <HCANN000001: Hibernate Commons Annotations {4.0.5.Final}> [JavaReflectionManager.java66]
 [INFO] 2015-08-15 12:12:13 <HHH000412: Hibernate Core {4.3.9.Final}> [Version.java54]
 [INFO] 2015-08-15 12:12:13 <HHH000206: hibernate.properties not found> [Environment.java239]
 [INFO] 2015-08-15 12:12:13 <HHH000021: Bytecode provider name : javassist> [Environment.java346]
 [INFO] 2015-08-15 12:12:13 <HHH000400: Using dialect: org.hibernate.dialect.MySQLDialect> [Dialect.java145]
 [INFO] 2015-08-15 12:12:13 <HHH000399: Using default transaction strategy (direct JDBC transactions)> [TransactionFactoryInitiator.java62]
 [INFO] 2015-08-15 12:12:13 <HHH000397: Using ASTQueryTranslatorFactory> [ASTQueryTranslatorFactory.java47]
 [INFO] 2015-08-15 12:12:13 <HHH000228: Running hbm2ddl schema update> [SchemaUpdate.java207]
 [INFO] 2015-08-15 12:12:13 <HHH000102: Fetching database metadata> [SchemaUpdate.java218]
 [INFO] 2015-08-15 12:12:13 <HHH000396: Updating schema> [SchemaUpdate.java230]
 [INFO] 2015-08-15 12:12:13 <HHH000261: Table found: core.t_user> [TableMetadata.java66]
 [INFO] 2015-08-15 12:12:13 <HHH000037: Columns: [id, username, registertime, password]> [TableMetadata.java67]
 [INFO] 2015-08-15 12:12:13 <HHH000108: Foreign keys: []> [TableMetadata.java69]
 [INFO] 2015-08-15 12:12:13 <HHH000126: Indexes: [primary]> [TableMetadata.java70]
 [INFO] 2015-08-15 12:12:13 <HHH000232: Schema update complete> [SchemaUpdate.java267]
 [INFO] 2015-08-15 12:12:13 <Using DataSource [org.springframework.jdbc.datasource.DriverManagerDataSource@119015b] of Hibernate SessionFactory for HibernateTransactionManager> [HibernateTransactionManager.java360]
 [INFO] 2015-08-15 12:12:13 <Root WebApplicationContext: initialization completed in 1616 ms> [ContextLoader.java325]
 [INFO] 2015-08-15 12:12:13 <FrameworkServlet 'spring': initialization started> [FrameworkServlet.java484]
 [INFO] 2015-08-15 12:12:13 <Refreshing WebApplicationContext for namespace 'spring-servlet': startup date [Sat Aug 15 12:12:13 CST 2015]; parent: Root WebApplicationContext> [AbstractApplicationContext.java510]
 [INFO] 2015-08-15 12:12:13 <Loading XML bean definitions from class path resource [spring-mvc.xml]> [XmlBeanDefinitionReader.java317]
 [INFO] 2015-08-15 12:12:14 <JSR-330 'javax.inject.Inject' annotation found and supported for autowiring> [AutowiredAnnotationBeanPostProcessor.java153]
 [INFO] 2015-08-15 12:12:14 <Mapped "{[/login],methods=[POST],params=[],headers=[],consumes=[],produces=[],custom=[]}" onto public java.lang.String com.htrj.core.controller.Application.login(com.htrj.core.model.User,javax.servlet.http.HttpServletRequest)> [AbstractHandlerMethodMapping.java220]
 [INFO] 2015-08-15 12:12:14 <Mapped "{[/user/save],methods=[POST],params=[],headers=[],consumes=[],produces=[],custom=[]}" onto public void com.htrj.core.controller.Users.save(com.htrj.core.model.User,javax.servlet.http.HttpServletRequest,javax.servlet.http.HttpServletResponse)> [AbstractHandlerMethodMapping.java220]
 [INFO] 2015-08-15 12:12:14 <Mapped "{[/user/delete],methods=[POST],params=[],headers=[],consumes=[],produces=[],custom=[]}" onto public void com.htrj.core.controller.Users.delete(com.htrj.core.model.User)> [AbstractHandlerMethodMapping.java220]
 [INFO] 2015-08-15 12:12:14 <Mapped "{[/user/search],methods=[GET],params=[],headers=[],consumes=[],produces=[],custom=[]}" onto public void com.htrj.core.controller.Users.search() throws java.io.IOException> [AbstractHandlerMethodMapping.java220]
 [INFO] 2015-08-15 12:12:14 <Mapped "{[/user/index],methods=[POST],params=[],headers=[],consumes=[],produces=[],custom=[]}" onto public void com.htrj.core.controller.Users.index()> [AbstractHandlerMethodMapping.java220]
 [INFO] 2015-08-15 12:12:14 <Mapped "{[/user/show],methods=[POST],params=[],headers=[],consumes=[],produces=[],custom=[]}" onto public void com.htrj.core.controller.Users.show(java.lang.Long)> [AbstractHandlerMethodMapping.java220]
 [INFO] 2015-08-15 12:12:14 <Mapped "{[/user/update],methods=[POST],params=[],headers=[],consumes=[],produces=[],custom=[]}" onto public void com.htrj.core.controller.Users.update(com.htrj.core.model.User)> [AbstractHandlerMethodMapping.java220]
 [INFO] 2015-08-15 12:12:14 <Mapped "{[/user/success],methods=[POST],params=[],headers=[],consumes=[],produces=[],custom=[]}" onto public java.lang.String com.htrj.core.controller.Users.success()> [AbstractHandlerMethodMapping.java220]
 [INFO] 2015-08-15 12:12:14 <Mapped "{[/user/userList],methods=[GET],params=[],headers=[],consumes=[],produces=[],custom=[]}" onto public java.util.List<com.htrj.core.model.User> com.htrj.core.controller.Users.userList()> [AbstractHandlerMethodMapping.java220]
 [INFO] 2015-08-15 12:12:14 <Looking for @ControllerAdvice: WebApplicationContext for namespace 'spring-servlet': startup date [Sat Aug 15 12:12:13 CST 2015]; parent: Root WebApplicationContext> [RequestMappingHandlerAdapter.java518]
 [INFO] 2015-08-15 12:12:14 <Looking for @ControllerAdvice: WebApplicationContext for namespace 'spring-servlet': startup date [Sat Aug 15 12:12:13 CST 2015]; parent: Root WebApplicationContext> [RequestMappingHandlerAdapter.java518]
 [INFO] 2015-08-15 12:12:14 <Mapped URL path [/js/**] onto handler 'org.springframework.web.servlet.resource.ResourceHttpRequestHandler#0'> [AbstractUrlHandlerMapping.java314]
 [INFO] 2015-08-15 12:12:14 <FrameworkServlet 'spring': initialization completed in 704 ms> [FrameworkServlet.java503]
 [INFO] 2015-08-15 12:12:33 <Closing WebApplicationContext for namespace 'spring-servlet': startup date [Sat Aug 15 12:12:13 CST 2015]; parent: Root WebApplicationContext> [AbstractApplicationContext.java862]
 [INFO] 2015-08-15 12:12:33 <Closing Root WebApplicationContext: startup date [Sat Aug 15 12:12:12 CST 2015]; root of context hierarchy> [AbstractApplicationContext.java862]
 [INFO] 2015-08-15 12:16:28 <Root WebApplicationContext: initialization started> [ContextLoader.java285]
 [INFO] 2015-08-15 12:16:28 <Refreshing Root WebApplicationContext: startup date [Sat Aug 15 12:16:28 CST 2015]; root of context hierarchy> [AbstractApplicationContext.java510]
 [INFO] 2015-08-15 12:16:28 <Loading XML bean definitions from class path resource [spring.xml]> [XmlBeanDefinitionReader.java317]
 [INFO] 2015-08-15 12:16:28 <Loading XML bean definitions from class path resource [spring-hibernate.xml]> [XmlBeanDefinitionReader.java317]
 [INFO] 2015-08-15 12:16:28 <Loading properties file from class path resource [config.properties]> [PropertiesLoaderSupport.java172]
 [INFO] 2015-08-15 12:16:28 <JSR-330 'javax.inject.Inject' annotation found and supported for autowiring> [AutowiredAnnotationBeanPostProcessor.java153]
 [INFO] 2015-08-15 12:16:28 <Loaded JDBC driver: com.mysql.jdbc.Driver> [DriverManagerDataSource.java133]
 [INFO] 2015-08-15 12:16:28 <HCANN000001: Hibernate Commons Annotations {4.0.5.Final}> [JavaReflectionManager.java66]
 [INFO] 2015-08-15 12:16:28 <HHH000412: Hibernate Core {4.3.9.Final}> [Version.java54]
 [INFO] 2015-08-15 12:16:28 <HHH000206: hibernate.properties not found> [Environment.java239]
 [INFO] 2015-08-15 12:16:28 <HHH000021: Bytecode provider name : javassist> [Environment.java346]
 [INFO] 2015-08-15 12:16:29 <HHH000400: Using dialect: org.hibernate.dialect.MySQLDialect> [Dialect.java145]
 [INFO] 2015-08-15 12:16:29 <HHH000399: Using default transaction strategy (direct JDBC transactions)> [TransactionFactoryInitiator.java62]
 [INFO] 2015-08-15 12:16:29 <HHH000397: Using ASTQueryTranslatorFactory> [ASTQueryTranslatorFactory.java47]
 [INFO] 2015-08-15 12:16:29 <HHH000228: Running hbm2ddl schema update> [SchemaUpdate.java207]
 [INFO] 2015-08-15 12:16:29 <HHH000102: Fetching database metadata> [SchemaUpdate.java218]
 [INFO] 2015-08-15 12:16:29 <HHH000396: Updating schema> [SchemaUpdate.java230]
 [INFO] 2015-08-15 12:16:29 <HHH000261: Table found: core.t_user> [TableMetadata.java66]
 [INFO] 2015-08-15 12:16:29 <HHH000037: Columns: [id, username, registertime, password]> [TableMetadata.java67]
 [INFO] 2015-08-15 12:16:29 <HHH000108: Foreign keys: []> [TableMetadata.java69]
 [INFO] 2015-08-15 12:16:29 <HHH000126: Indexes: [primary]> [TableMetadata.java70]
 [INFO] 2015-08-15 12:16:29 <HHH000232: Schema update complete> [SchemaUpdate.java267]
 [INFO] 2015-08-15 12:16:29 <Using DataSource [org.springframework.jdbc.datasource.DriverManagerDataSource@16b5518] of Hibernate SessionFactory for HibernateTransactionManager> [HibernateTransactionManager.java360]
 [INFO] 2015-08-15 12:16:29 <Root WebApplicationContext: initialization completed in 1604 ms> [ContextLoader.java325]
 [INFO] 2015-08-15 12:16:29 <FrameworkServlet 'spring': initialization started> [FrameworkServlet.java484]
 [INFO] 2015-08-15 12:16:29 <Refreshing WebApplicationContext for namespace 'spring-servlet': startup date [Sat Aug 15 12:16:29 CST 2015]; parent: Root WebApplicationContext> [AbstractApplicationContext.java510]
 [INFO] 2015-08-15 12:16:29 <Loading XML bean definitions from class path resource [spring-mvc.xml]> [XmlBeanDefinitionReader.java317]
 [INFO] 2015-08-15 12:16:29 <JSR-330 'javax.inject.Inject' annotation found and supported for autowiring> [AutowiredAnnotationBeanPostProcessor.java153]
 [INFO] 2015-08-15 12:16:30 <Mapped "{[/login],methods=[POST],params=[],headers=[],consumes=[],produces=[],custom=[]}" onto public java.lang.String com.htrj.core.controller.Application.login(com.htrj.core.model.User,javax.servlet.http.HttpServletRequest)> [AbstractHandlerMethodMapping.java220]
 [INFO] 2015-08-15 12:16:30 <Mapped "{[/user/save],methods=[POST],params=[],headers=[],consumes=[],produces=[],custom=[]}" onto public void com.htrj.core.controller.Users.save(com.htrj.core.model.User,javax.servlet.http.HttpServletRequest,javax.servlet.http.HttpServletResponse)> [AbstractHandlerMethodMapping.java220]
 [INFO] 2015-08-15 12:16:30 <Mapped "{[/user/delete],methods=[POST],params=[],headers=[],consumes=[],produces=[],custom=[]}" onto public void com.htrj.core.controller.Users.delete(com.htrj.core.model.User)> [AbstractHandlerMethodMapping.java220]
 [INFO] 2015-08-15 12:16:30 <Mapped "{[/user/search],methods=[GET],params=[],headers=[],consumes=[],produces=[],custom=[]}" onto public void com.htrj.core.controller.Users.search() throws java.io.IOException> [AbstractHandlerMethodMapping.java220]
 [INFO] 2015-08-15 12:16:30 <Mapped "{[/user/index],methods=[POST],params=[],headers=[],consumes=[],produces=[],custom=[]}" onto public void com.htrj.core.controller.Users.index()> [AbstractHandlerMethodMapping.java220]
 [INFO] 2015-08-15 12:16:30 <Mapped "{[/user/show],methods=[POST],params=[],headers=[],consumes=[],produces=[],custom=[]}" onto public void com.htrj.core.controller.Users.show(java.lang.Long)> [AbstractHandlerMethodMapping.java220]
 [INFO] 2015-08-15 12:16:30 <Mapped "{[/user/update],methods=[POST],params=[],headers=[],consumes=[],produces=[],custom=[]}" onto public void com.htrj.core.controller.Users.update(com.htrj.core.model.User)> [AbstractHandlerMethodMapping.java220]
 [INFO] 2015-08-15 12:16:30 <Mapped "{[/user/success],methods=[POST],params=[],headers=[],consumes=[],produces=[],custom=[]}" onto public java.lang.String com.htrj.core.controller.Users.success()> [AbstractHandlerMethodMapping.java220]
 [INFO] 2015-08-15 12:16:30 <Mapped "{[/user/userList],methods=[GET],params=[],headers=[],consumes=[],produces=[],custom=[]}" onto public java.util.List<com.htrj.core.model.User> com.htrj.core.controller.Users.userList()> [AbstractHandlerMethodMapping.java220]
 [INFO] 2015-08-15 12:16:30 <Looking for @ControllerAdvice: WebApplicationContext for namespace 'spring-servlet': startup date [Sat Aug 15 12:16:29 CST 2015]; parent: Root WebApplicationContext> [RequestMappingHandlerAdapter.java518]
 [INFO] 2015-08-15 12:16:30 <Looking for @ControllerAdvice: WebApplicationContext for namespace 'spring-servlet': startup date [Sat Aug 15 12:16:29 CST 2015]; parent: Root WebApplicationContext> [RequestMappingHandlerAdapter.java518]
 [INFO] 2015-08-15 12:16:30 <Mapped URL path [/js/**] onto handler 'org.springframework.web.servlet.resource.ResourceHttpRequestHandler#0'> [AbstractUrlHandlerMapping.java314]
 [INFO] 2015-08-15 12:16:30 <FrameworkServlet 'spring': initialization completed in 707 ms> [FrameworkServlet.java503]
 [WARN] 2015-08-15 12:16:45 <No mapping found for HTTP request with URI [/core/] in DispatcherServlet with name 'spring'> [DispatcherServlet.java1120]
 [INFO] 2015-08-15 12:19:59 <Closing WebApplicationContext for namespace 'spring-servlet': startup date [Sat Aug 15 12:16:29 CST 2015]; parent: Root WebApplicationContext> [AbstractApplicationContext.java862]
 [INFO] 2015-08-15 12:19:59 <Closing Root WebApplicationContext: startup date [Sat Aug 15 12:16:28 CST 2015]; root of context hierarchy> [AbstractApplicationContext.java862]
 [INFO] 2015-08-15 13:08:08 <Root WebApplicationContext: initialization started> [ContextLoader.java285]
 [INFO] 2015-08-15 13:08:08 <Refreshing Root WebApplicationContext: startup date [Sat Aug 15 13:08:08 CST 2015]; root of context hierarchy> [AbstractApplicationContext.java510]
 [INFO] 2015-08-15 13:08:08 <Loading XML bean definitions from class path resource [spring.xml]> [XmlBeanDefinitionReader.java317]
 [INFO] 2015-08-15 13:08:08 <Loading XML bean definitions from class path resource [spring-hibernate.xml]> [XmlBeanDefinitionReader.java317]
 [INFO] 2015-08-15 13:08:08 <Loading properties file from class path resource [config.properties]> [PropertiesLoaderSupport.java172]
 [INFO] 2015-08-15 13:08:08 <JSR-330 'javax.inject.Inject' annotation found and supported for autowiring> [AutowiredAnnotationBeanPostProcessor.java153]
 [INFO] 2015-08-15 13:08:08 <Loaded JDBC driver: com.mysql.jdbc.Driver> [DriverManagerDataSource.java133]
 [INFO] 2015-08-15 13:08:08 <HCANN000001: Hibernate Commons Annotations {4.0.5.Final}> [JavaReflectionManager.java66]
 [INFO] 2015-08-15 13:08:08 <HHH000412: Hibernate Core {4.3.9.Final}> [Version.java54]
 [INFO] 2015-08-15 13:08:08 <HHH000206: hibernate.properties not found> [Environment.java239]
 [INFO] 2015-08-15 13:08:08 <HHH000021: Bytecode provider name : javassist> [Environment.java346]
 [INFO] 2015-08-15 13:08:09 <HHH000400: Using dialect: org.hibernate.dialect.MySQLDialect> [Dialect.java145]
 [INFO] 2015-08-15 13:08:09 <HHH000399: Using default transaction strategy (direct JDBC transactions)> [TransactionFactoryInitiator.java62]
 [INFO] 2015-08-15 13:08:09 <HHH000397: Using ASTQueryTranslatorFactory> [ASTQueryTranslatorFactory.java47]
 [INFO] 2015-08-15 13:08:09 <HHH000228: Running hbm2ddl schema update> [SchemaUpdate.java207]
 [INFO] 2015-08-15 13:08:09 <HHH000102: Fetching database metadata> [SchemaUpdate.java218]
 [INFO] 2015-08-15 13:08:09 <HHH000396: Updating schema> [SchemaUpdate.java230]
 [INFO] 2015-08-15 13:08:09 <HHH000261: Table found: core.t_user> [TableMetadata.java66]
 [INFO] 2015-08-15 13:08:09 <HHH000037: Columns: [id, username, registertime, password]> [TableMetadata.java67]
 [INFO] 2015-08-15 13:08:09 <HHH000108: Foreign keys: []> [TableMetadata.java69]
 [INFO] 2015-08-15 13:08:09 <HHH000126: Indexes: [primary]> [TableMetadata.java70]
 [INFO] 2015-08-15 13:08:09 <HHH000232: Schema update complete> [SchemaUpdate.java267]
 [INFO] 2015-08-15 13:08:09 <Using DataSource [org.springframework.jdbc.datasource.DriverManagerDataSource@bf1a4a] of Hibernate SessionFactory for HibernateTransactionManager> [HibernateTransactionManager.java360]
 [INFO] 2015-08-15 13:08:09 <Root WebApplicationContext: initialization completed in 1587 ms> [ContextLoader.java325]
 [INFO] 2015-08-15 13:08:09 <FrameworkServlet 'spring': initialization started> [FrameworkServlet.java484]
 [INFO] 2015-08-15 13:08:09 <Refreshing WebApplicationContext for namespace 'spring-servlet': startup date [Sat Aug 15 13:08:09 CST 2015]; parent: Root WebApplicationContext> [AbstractApplicationContext.java510]
 [INFO] 2015-08-15 13:08:09 <Loading XML bean definitions from class path resource [spring-mvc.xml]> [XmlBeanDefinitionReader.java317]
 [INFO] 2015-08-15 13:08:10 <JSR-330 'javax.inject.Inject' annotation found and supported for autowiring> [AutowiredAnnotationBeanPostProcessor.java153]
 [INFO] 2015-08-15 13:08:10 <Mapped "{[/login],methods=[POST],params=[],headers=[],consumes=[],produces=[],custom=[]}" onto public java.lang.String com.htrj.core.controller.Application.login(com.htrj.core.model.User,javax.servlet.http.HttpServletRequest)> [AbstractHandlerMethodMapping.java220]
 [INFO] 2015-08-15 13:08:10 <Mapped "{[/user/save],methods=[POST],params=[],headers=[],consumes=[],produces=[],custom=[]}" onto public void com.htrj.core.controller.Users.save(com.htrj.core.model.User,javax.servlet.http.HttpServletRequest,javax.servlet.http.HttpServletResponse)> [AbstractHandlerMethodMapping.java220]
 [INFO] 2015-08-15 13:08:10 <Mapped "{[/user/delete],methods=[POST],params=[],headers=[],consumes=[],produces=[],custom=[]}" onto public void com.htrj.core.controller.Users.delete(com.htrj.core.model.User)> [AbstractHandlerMethodMapping.java220]
 [INFO] 2015-08-15 13:08:10 <Mapped "{[/user/search],methods=[GET],params=[],headers=[],consumes=[],produces=[],custom=[]}" onto public void com.htrj.core.controller.Users.search() throws java.io.IOException> [AbstractHandlerMethodMapping.java220]
 [INFO] 2015-08-15 13:08:10 <Mapped "{[/user/index],methods=[POST],params=[],headers=[],consumes=[],produces=[],custom=[]}" onto public void com.htrj.core.controller.Users.index()> [AbstractHandlerMethodMapping.java220]
 [INFO] 2015-08-15 13:08:10 <Mapped "{[/user/show],methods=[POST],params=[],headers=[],consumes=[],produces=[],custom=[]}" onto public void com.htrj.core.controller.Users.show(java.lang.Long)> [AbstractHandlerMethodMapping.java220]
 [INFO] 2015-08-15 13:08:10 <Mapped "{[/user/update],methods=[POST],params=[],headers=[],consumes=[],produces=[],custom=[]}" onto public void com.htrj.core.controller.Users.update(com.htrj.core.model.User)> [AbstractHandlerMethodMapping.java220]
 [INFO] 2015-08-15 13:08:10 <Mapped "{[/user/success],methods=[POST],params=[],headers=[],consumes=[],produces=[],custom=[]}" onto public java.lang.String com.htrj.core.controller.Users.success()> [AbstractHandlerMethodMapping.java220]
 [INFO] 2015-08-15 13:08:10 <Mapped "{[/user/userList],methods=[GET],params=[],headers=[],consumes=[],produces=[],custom=[]}" onto public java.util.List<com.htrj.core.model.User> com.htrj.core.controller.Users.userList()> [AbstractHandlerMethodMapping.java220]
 [INFO] 2015-08-15 13:08:10 <Looking for @ControllerAdvice: WebApplicationContext for namespace 'spring-servlet': startup date [Sat Aug 15 13:08:09 CST 2015]; parent: Root WebApplicationContext> [RequestMappingHandlerAdapter.java518]
 [INFO] 2015-08-15 13:08:10 <Looking for @ControllerAdvice: WebApplicationContext for namespace 'spring-servlet': startup date [Sat Aug 15 13:08:09 CST 2015]; parent: Root WebApplicationContext> [RequestMappingHandlerAdapter.java518]
 [INFO] 2015-08-15 13:08:10 <Mapped URL path [/js/**] onto handler 'org.springframework.web.servlet.resource.ResourceHttpRequestHandler#0'> [AbstractUrlHandlerMapping.java314]
 [INFO] 2015-08-15 13:08:10 <FrameworkServlet 'spring': initialization completed in 600 ms> [FrameworkServlet.java503]
 